Seq. Update date/time           Trans(N1) Trans(N2)  Centre Tape
   0 2026-05-21 14:26:12.489695 ----      --------          (Initialized)
   1 2026-05-21 14:26:12.489695                             exfor-2025
   2 2026-05-22 21:35:37.759653 3221      20260106   NDS    trans/trans.3221
   3 2026-05-22 21:50:51.644836 C252      20260112   NNDC   trans/trans.c252
   4 2026-05-22 21:53:07.443393 M142      20260115   CDFE   trans/trans.m142
   5 2026-05-22 21:55:21.886634 1524      20260115   NNDC   trans/trans.1524
   6 2026-05-22 21:57:58.385749 F103      20260122   CNPD   trans/trans.f103
   7 2026-05-22 22:01:31.409689 F104      20260126   CNPD   trans/trans.f104
   8 2026-05-22 22:04:49.490658 2322      20260114   NEADB  trans/trans.2322
   9 2026-05-22 22:06:49.414639 O099      20260114   NEADB  trans/trans.o099
  10 2026-05-22 22:09:59.420464 O100      20260114   NEADB  trans/trans.o100
  11 2026-05-22 22:15:11.307359 M143      20260226   CDFE   trans/trans.m143
  12 2026-05-22 22:18:13.875763 E155      20260227   JCPRG  trans/trans.e155
  13 2026-05-22 22:19:58.824673 E156      20260227   JCPRG  trans/trans.e156
  14 2026-05-22 22:21:52.454642 R033      20260227   JCPRG  trans/trans.r033
  15 2026-05-22 22:23:48.669972 M144      20260302   CDFE   trans/trans.m144
  16 2026-05-22 22:27:31.573217 F105      20260305   CNPD   trans/trans.f105
  17 2026-05-22 22:31:55.480125 F106      20260305   CNPD   trans/trans.f106
  18 2026-05-22 22:34:48.206552 F107      20260311   CNPD   trans/trans.f107
